
============================================================
📚 Processing: SAT-文法分类题库
   24 PDF files found
============================================================

[1/24]
📄 Processing: 1. Boundaries Easy with Answer and Explanation.pdf
   34 pages
   p1/34... 1q
   p2/34... 1q
   p3/34... 1q
   p4/34... 1q
   p5/34... 1q
   p6/34... 1q
   p7/34... 1q
   p8/34... 1q
   p9/34... 1q
   p10/34... 1q
   p11/34... 1q
   p12/34... 1q
   p13/34... 1q
   p14/34... 1q
   p15/34... 1q
   p16/34... 1q
   p17/34... 1q
   p18/34... 1q
   p19/34... 1q
   p20/34... 1q
   p21/34... 1q
   p22/34... 1q
   p23/34... 1q
   p24/34... 1q
   p25/34... 1q
   p26/34... 1q
   p27/34... 1q
   p28/34... 1q
   p29/34... 1q
   p30/34... 1q
   p31/34... 1q
   p32/34... 1q
   p33/34... 1q
   p34/34... 1q
   ✅ 34 questions extracted, 68031 tokens

[2/24]
📄 Processing: 1. Boundaries Easy.pdf
   34 pages
   p1/34... 1q
   p2/34... 1q
   p3/34... 1q
   p4/34... 1q
   p5/34... 1q
   p6/34... 1q
   p7/34... 1q
   p8/34... 1q
   p9/34... 1q
   p10/34... 1q
   p11/34... 1q
   p12/34... 1q
   p13/34... 1q
   p14/34... 1q
   p15/34... 1q
   p16/34... 1q
   p17/34... 1q
   p18/34... 1q
   p19/34... 1q
   p20/34... 1q
   p21/34... 1q
   p22/34... 1q
   p23/34... 1q
   p24/34... 1q
   p25/34... 1q
   p26/34... 1q
   p27/34... 1q
   p28/34... 1q
   p29/34... 1q
   p30/34... 1q
   p31/34... 1q
   p32/34... 1q
   p33/34... 1q
   p34/34... 1q
   ✅ 34 questions extracted, 62131 tokens

[3/24]
📄 Processing: 10. Rhetoric Synthesis Easy Answer and Explanation.pdf
   19 pages
   p1/19... 1q
   p2/19... 1q
   p3/19... 1q
   p4/19... 1q
   p5/19... 1q
   p6/19... 1q
   p7/19... 1q
   p8/19... 1q
   p9/19... 1q
   p10/19... 1q
   p11/19... 1q
   p12/19... 1q
   p13/19... 1q
   p14/19... 1q
   p15/19... 1q
   p16/19... 1q
   p17/19... 1q
   p18/19... 1q
   p19/19... 1q
   ✅ 19 questions extracted, 40202 tokens

[4/24]
📄 Processing: 10. Rhetorical Synthesis Easy.pdf
   19 pages
   p1/19... 1q
   p2/19... 1q
   p3/19... 1q
   p4/19... 1q
   p5/19... 1q
   p6/19... 1q
   p7/19... 1q
   p8/19... 1q
   p9/19... 1q
   p10/19... 1q
   p11/19... 1q
   p12/19... 1q
   p13/19... 1q
   p14/19... 1q
   p15/19... 1q
   p16/19... 1q
   p17/19... 1q
   p18/19... 1q
   p19/19... 1q
   ✅ 19 questions extracted, 37657 tokens

[5/24]
📄 Processing: 11. Rhetorical Synthesis Medium Answer and Explanation.pdf
   59 pages
   p1/59... 1q
   p2/59... 1q
   p3/59... 1q
   p4/59... 1q
   p5/59... 1q
   p6/59... 1q
   p7/59... 1q
   p8/59... 1q
   p9/59... 1q
   p10/59... 1q
   p11/59... 1q
   p12/59... 1q
   p13/59... 1q
   p14/59... 1q
   p15/59... 1q
   p16/59... 1q
   p17/59... 1q
   p18/59... 1q
   p19/59... 1q
   p20/59... 1q
   p21/59... 1q
   p22/59... 1q
   p23/59... 1q
   p24/59... 1q
   p25/59... 1q
   p26/59... 1q
   p27/59... 1q
   p28/59... 1q
   p29/59... 1q
   p30/59... 1q
   p31/59... 1q
   p32/59... 1q
   p33/59... 1q
   p34/59... 1q
   p35/59... 1q
   p36/59... 1q
   p37/59... 1q
   p38/59... 1q
   p39/59... 1q
   p40/59... 1q
   p41/59... 1q
   p42/59... 1q
   p43/59... 1q
   p44/59... 1q
   p45/59... 1q
   p46/59... 1q
   p47/59... 1q
   p48/59... 1q
   p49/59... 1q
   p50/59... 1q
   p51/59... 1q
   p52/59... 1q
   p53/59... 1q
   p54/59... 1q
   p55/59... 1q
   p56/59... 1q
   p57/59... 1q
   p58/59... 1q
   p59/59... 1q
   ✅ 59 questions extracted, 127333 tokens

[6/24]
📄 Processing: 11. Rhetorical Synthesis Medium.pdf
   59 pages
   p1/59... 1q
   p2/59... 1q
   p3/59... 1q
   p4/59... 1q
   p5/59... 1q
   p6/59... 1q
   p7/59... 1q
   p8/59... 1q
   p9/59... 1q
   p10/59... 1q
   p11/59... 1q
   p12/59... 1q
   p13/59... 1q
   p14/59... 1q
   p15/59... 1q
   p16/59... 1q
   p17/59... 1q
   p18/59... 1q
   p19/59... 1q
   p20/59... 1q
   p21/59... 1q
   p22/59... 1q
   p23/59... 1q
   p24/59... 1q
   p25/59... 1q
   p26/59... 1q
   p27/59... 1q
   p28/59... 1q
   p29/59... 1q
   p30/59... 1q
   p31/59... 1q
   p32/59... 1q
   p33/59... 1q
   p34/59... 1q
   p35/59... 1q
   p36/59... 1q
   p37/59... 1q
   p38/59... 1q
   p39/59... 1q
   p40/59... 1q
   p41/59... 1q
   p42/59... 1q
   p43/59... 1q
   p44/59... 1q
   p45/59... 1q
   p46/59... 1q
   p47/59... 1q
   p48/59... 1q
   p49/59... 1q
   p50/59... 1q
   p51/59... 1q
   p52/59... 1q
   p53/59... 1q
   p54/59... 1q
   p55/59... 1q
   p56/59... 1q
   p57/59... 1q
   p58/59... 1q
   p59/59... 1q
   ✅ 59 questions extracted, 118641 tokens

[7/24]
📄 Processing: 12. Rhetorical Synthesis Hard with Answer and Explanation.pdf
   25 pages
   p1/25... 1q
   p2/25... 1q
   p3/25... 1q
   p4/25... 1q
   p5/25... 1q
   p6/25... 1q
   p7/25... 1q
   p8/25... 1q
   p9/25... 1q
   p10/25... 1q
   p11/25... 1q
   p12/25... 1q
   p13/25... 1q
   p14/25... 1q
   p15/25... 1q
   p16/25... 1q
   p17/25... 1q
   p18/25... 1q
   p19/25... 1q
   p20/25... 1q
   p21/25... 1q
   p22/25... 1q
   p23/25... 1q
   p24/25... 1q
   p25/25... 1q
   ✅ 25 questions extracted, 53717 tokens

[8/24]
📄 Processing: 12. Rhetorical Synthesis Hard.pdf
   25 pages
   p1/25... 1q
   p2/25... 1q
   p3/25... 1q
   p4/25... 1q
   p5/25... 1q
   p6/25... 1q
   p7/25... 1q
   p8/25... 1q
   p9/25... 1q
   p10/25... 1q
   p11/25... 1q
   p12/25... 1q
   p13/25... 1q
   p14/25... 1q
   p15/25... 1q
   p16/25... 1q
   p17/25... 1q
   p18/25... 1q
   p19/25... 1q
   p20/25... 1q
   p21/25... 1q
   p22/25... 1q
   p23/25... 1q
   p24/25... 1q
   p25/25... 1q
   ✅ 25 questions extracted, 50203 tokens

[9/24]
📄 Processing: 2. Boundaries Medium with Answer and Explanation.pdf
   34 pages
   p1/34... 1q
   p2/34... 1q
   p3/34... 1q
   p4/34... 1q
   p5/34... 1q
   p6/34... 1q
   p7/34... 1q
   p8/34... 1q
   p9/34... 1q
   p10/34... 1q
   p11/34... 1q
   p12/34... 1q
   p13/34... 1q
   p14/34... 1q
   p15/34... 1q
   p16/34... 1q
   p17/34... 1q
   p18/34... 1q
   p19/34... 1q
   p20/34... 1q
   p21/34... 1q
   p22/34... 1q
   p23/34... 1q
   p24/34... 1q
   p25/34... 1q
   p26/34... 1q
   p27/34... 1q
   p28/34... 1q
   p29/34... 1q
   p30/34... 1q
   p31/34... 1q
   p32/34... 1q
   p33/34... 1q
   p34/34... 1q
   ✅ 34 questions extracted, 69422 tokens

[10/24]
📄 Processing: 2. Boundaries Medium.pdf
   34 pages
   p1/34... 1q
   p2/34... 1q
   p3/34... 1q
   p4/34... 1q
   p5/34... 1q
   p6/34... 1q
   p7/34... 1q
   p8/34... 1q
   p9/34... 1q
   p10/34... 1q
   p11/34... 1q
   p12/34... 1q
   p13/34... 1q
   p14/34... 1q
   p15/34... 1q
   p16/34... 1q
   p17/34... 1q
   p18/34... 1q
   p19/34... 1q
   p20/34... 1q
   p21/34... 1q
   p22/34... 1q
   p23/34... 1q
   p24/34... 1q
   p25/34... 1q
   p26/34... 1q
   p27/34... 1q
   p28/34... 1q
   p29/34... 1q
   p30/34... 1q
   p31/34... 1q
   p32/34... 1q
   p33/34... 1q
   p34/34... 1q
   ✅ 34 questions extracted, 62629 tokens

[11/24]
📄 Processing: 3. Boundaries Hard with Answer and Explanation.pdf
   39 pages
   p1/39... 1q
   p2/39... 1q
   p3/39... 1q
   p4/39... 1q
   p5/39... 1q
   p6/39... 1q
   p7/39... 1q
   p8/39... 1q
   p9/39... 1q
   p10/39... 1q
   p11/39... 1q
   p12/39... 1q
   p13/39... 1q
   p14/39... 1q
   p15/39... 1q
   p16/39... 1q
   p17/39... 1q
   p18/39... 1q
   p19/39... 1q
   p20/39... 1q
   p21/39... 1q
   p22/39... 1q
   p23/39... 1q
   p24/39... 1q
   p25/39... 1q
   p26/39... 1q
   p27/39... 1q
   p28/39... 1q
   p29/39... 1q
   p30/39... 1q
   p31/39... 1q
   p32/39... 1q
   p33/39... 1q
   p34/39... 1q
   p35/39... 1q
   p36/39... 1q
   p37/39... 1q
   p38/39... 1q
   p39/39... 1q
   ✅ 39 questions extracted, 79982 tokens

[12/24]
📄 Processing: 3. Boundaries Hard.pdf
   39 pages
   p1/39... 1q
   p2/39... 1q
   p3/39... 1q
   p4/39... 1q
   p5/39... 1q
   p6/39... 1q
   p7/39... 1q
   p8/39... 1q
   p9/39... 1q
   p10/39... 1q
   p11/39... 1q
   p12/39... 1q
   p13/39... 1q
   p14/39... 1q
   p15/39... 1q
   p16/39... 1q
   p17/39... 1q
   p18/39... 1q
   p19/39... 1q
   p20/39... 1q
   p21/39... 1q
   p22/39... 1q
   p23/39... 1q
   p24/39... 1q
   p25/39... 1q
   p26/39... 1q
   p27/39... 1q
   p28/39... 1q
   p29/39... 1q
   p30/39... 1q
   p31/39... 1q
   p32/39... 1q
   p33/39... 1q
   p34/39... 1q
   p35/39... 1q
   p36/39... 1q
   p37/39... 1q
   p38/39... 1q
   p39/39... 1q
   ✅ 39 questions extracted, 71759 tokens

[13/24]
📄 Processing: 4. FormStructureSense Easy.pdf
   55 pages
   p1/55... 1q
   p2/55... 1q
   p3/55... 1q
   p4/55... 1q
   p5/55... 1q
   p6/55... 1q
   p7/55... 1q
   p8/55... 1q
   p9/55... 1q
   p10/55... 1q
   p11/55... 1q
   p12/55... 1q
   p13/55... 1q
   p14/55... 1q
   p15/55... 1q
   p16/55... 1q
   p17/55... 1q
   p18/55... 1q
   p19/55... 1q
   p20/55... 1q
   p21/55... 1q
   p22/55... 1q
   p23/55... 1q
   p24/55... 1q
   p25/55... 1q
   p26/55... 1q
   p27/55... 1q
   p28/55... 1q
   p29/55... 1q
   p30/55... 1q
   p31/55... 1q
   p32/55... 1q
   p33/55... 1q
   p34/55... 1q
   p35/55... 1q
   p36/55... 1q
   p37/55... 1q
   p38/55... 1q
   p39/55... 1q
   p40/55... 1q
   p41/55... 1q
   p42/55... 1q
   p43/55... 1q
   p44/55... 1q
   p45/55... 1q
   p46/55... 1q
   p47/55... 1q
   p48/55... 1q
   p49/55... 1q
   p50/55... 1q
   p51/55... 1q
   p52/55... 1q
   p53/55... 1q
   p54/55... 1q
   p55/55... 1q
   ✅ 55 questions extracted, 100526 tokens

[14/24]
📄 Processing: 4.FormStructureSense Easy with Answer and Explanation.pdf
   55 pages
   p1/55... 1q
   p2/55... 1q
   p3/55... 1q
   p4/55... 1q
   p5/55... 1q
   p6/55... 1q
   p7/55... 1q
   p8/55... 1q
   p9/55... 1q
   p10/55... 1q
   p11/55... 1q
   p12/55... 1q
   p13/55... 1q
   p14/55... 1q
   p15/55... 1q
   p16/55... 1q
   p17/55... 1q
   p18/55... 1q
   p19/55... 1q
   p20/55... 1q
   p21/55... 1q
   p22/55... 1q
   p23/55... 1q
   p24/55... 1q
   p25/55... 1q
   p26/55... 1q
   p27/55... 1q
   p28/55... 1q
   p29/55... 1q
   p30/55... 1q
   p31/55... 1q
   p32/55... 1q
   p33/55... 1q
   p34/55... 1q
   p35/55... 1q
   p36/55... 1q
   p37/55... 1q
   p38/55... 1q
   p39/55... 1q
   p40/55... 1q
   p41/55... 1q
   p42/55... 1q
   p43/55... 1q
   p44/55... 1q
   p45/55... 1q
   p46/55... 1q
   p47/55... 1q
   p48/55... 1q
   p49/55... 1q
   p50/55... 1q
   p51/55... 1q
   p52/55... 1q
   p53/55... 1q
   p54/55... 1q
   p55/55... 1q
   ✅ 55 questions extracted, 109719 tokens

[15/24]
📄 Processing: 5. FormStructureSense Medium with Answer and Explanation.pdf
   27 pages
   p1/27... 1q
   p2/27... 1q
   p3/27... 1q
   p4/27... 1q
   p5/27... 1q
   p6/27... 1q
   p7/27... 1q
   p8/27... 1q
   p9/27... 1q
   p10/27... 1q
   p11/27... 1q
   p12/27... 1q
   p13/27... 1q
   p14/27... 1q
   p15/27... 1q
   p16/27... 1q
   p17/27... 1q
   p18/27... 1q
   p19/27... 1q
   p20/27... 1q
   p21/27... 1q
   p22/27... 1q
   p23/27... 1q
   p24/27... 1q
   p25/27... 1q
   p26/27... 1q
   p27/27... 1q
   ✅ 27 questions extracted, 54827 tokens

[16/24]
📄 Processing: 5.FormStructureSense Medium.pdf
   27 pages
   p1/27... 1q
   p2/27... 1q
   p3/27... 1q
   p4/27... 1q
   p5/27... 1q
   p6/27... 1q
   p7/27... 1q
   p8/27... 1q
   p9/27... 1q
   p10/27... 1q
   p11/27... 1q
   p12/27... 1q
   p13/27... 1q
   p14/27... 1q
   p15/27... 1q
   p16/27... 1q
   p17/27... 1q
   p18/27... 1q
   p19/27... 1q
   p20/27... 1q
   p21/27... 1q
   p22/27... 1q
   p23/27... 1q
   p24/27... 1q
   p25/27... 1q
   p26/27... 1q
   p27/27... 1q
   ✅ 27 questions extracted, 49757 tokens

[17/24]
📄 Processing: 6.FormStructureSense Hard Answer and Explanation.pdf
   22 pages
   p1/22... 1q
   p2/22... 1q
   p3/22... 1q
   p4/22... 1q
   p5/22... 1q
   p6/22... 1q
   p7/22... 1q
   p8/22... 1q
   p9/22... 1q
   p10/22... 1q
   p11/22... 1q
   p12/22... 1q
   p13/22... 1q
   p14/22... 1q
   p15/22... 1q
   p16/22... 1q
   p17/22... 1q
   p18/22... 1q
   p19/22... 1q
   p20/22... 1q
   p21/22... 1q
   p22/22... 1q
   ✅ 22 questions extracted, 45220 tokens

[18/24]
📄 Processing: 6.FormStructureSense Hard.pdf
   22 pages
   p1/22... 1q
   p2/22... 1q
   p3/22... 1q
   p4/22... 1q
   p5/22... 1q
   p6/22... 1q
   p7/22... 1q
   p8/22... 1q
   p9/22... 1q
   p10/22... 1q
   p11/22... 1q
   p12/22... 1q
   p13/22... 1q
   p14/22... 1q
   p15/22... 1q
   p16/22... 1q
   p17/22... 1q
   p18/22... 1q
   p19/22... 1q
   p20/22... 1q
   p21/22... 1q
   p22/22... 1q
   ✅ 22 questions extracted, 40803 tokens

[19/24]
📄 Processing: 7. transitions Easy with Answer and Explanation.pdf
   38 pages
   p1/38... 1q
   p2/38... 1q
   p3/38... 1q
   p4/38... 1q
   p5/38... 1q
   p6/38... 1q
   p7/38... 1q
   p8/38... 1q
   p9/38... 1q
   p10/38... 1q
   p11/38... 1q
   p12/38... 1q
   p13/38... 1q
   p14/38... 1q
   p15/38... 1q
   p16/38... 1q
   p17/38... 1q
   p18/38... 1q
   p19/38... 1q
   p20/38... 1q
   p21/38... 1q
   p22/38... 1q
   p23/38... 1q
   p24/38... 1q
   p25/38... 1q
   p26/38... 1q
   p27/38... 1q
   p28/38... 1q
   p29/38... 1q
   p30/38... 1q
   p31/38... 1q
   p32/38... 1q
   p33/38... 1q
   p34/38... 1q
   p35/38... 1q
   p36/38... 1q
   p37/38... 1q
   p38/38... 1q
   ✅ 38 questions extracted, 77308 tokens

[20/24]
📄 Processing: 7. transitions Easy.pdf
   38 pages
   p1/38... 1q
   p2/38... 1q
   p3/38... 1q
   p4/38... 1q
   p5/38... 1q
   p6/38... 1q
   p7/38... 1q
   p8/38... 1q
   p9/38... 1q
   p10/38... 1q
   p11/38... 1q
   p12/38... 1q
   p13/38... 1q
   p14/38... 1q
   p15/38... 1q
   p16/38... 1q
   p17/38... 1q
   p18/38... 1q
   p19/38... 1q
   p20/38... 1q
   p21/38... 1q
   p22/38... 1q
   p23/38... 1q
   p24/38... 1q
   p25/38... 1q
   p26/38... 1q
   p27/38... 1q
   p28/38... 1q
   p29/38... 1q
   p30/38... 1q
   p31/38... 1q
   p32/38... 1q
   p33/38... 1q
   p34/38... 1q
   p35/38... 1q
   p36/38... 1q
   p37/38... 1q
   p38/38... 1q
   ✅ 38 questions extracted, 69592 tokens

[21/24]
📄 Processing: 8. Transitions Medium Answer and Explanation.pdf
   31 pages
   p1/31... 1q
   p2/31... 1q
   p3/31... 1q
   p4/31... 1q
   p5/31... 1q
   p6/31... 1q
   p7/31... 1q
   p8/31... 1q
   p9/31... 1q
   p10/31... 1q
   p11/31... 1q
   p12/31... 1q
   p13/31... 1q
   p14/31... 1q
   p15/31... 1q
   p16/31... 1q
   p17/31... 1q
   p18/31... 1q
   p19/31... 1q
   p20/31... 1q
   p21/31... 1q
   p22/31... 1q
   p23/31... 1q
   p24/31... 1q
   p25/31... 1q
   p26/31... 1q
   p27/31... 1q
   p28/31... 1q
   p29/31... 1q
   p30/31... 1q
   p31/31... 1q
   ✅ 31 questions extracted, 63491 tokens

[22/24]
📄 Processing: 8. Transitions Medium.pdf
   31 pages
   p1/31... 1q
   p2/31... 1q
   p3/31... 1q
   p4/31... 1q
   p5/31... 1q
   p6/31... 1q
   p7/31... 1q
   p8/31... 1q
   p9/31... 1q
   p10/31... 1q
   p11/31... 1q
   p12/31... 1q
   p13/31... 1q
   p14/31... 1q
   p15/31... 1q
   p16/31... 1q
   p17/31... 1q
   p18/31... 1q
   p19/31... 1q
   p20/31... 1q
   p21/31... 1q
   p22/31... 1q
   p23/31... 1q
   p24/31... 1q
   p25/31... 1q
   p26/31... 1q
   p27/31... 1q
   p28/31... 1q
   p29/31... 1q
   p30/31... 1q
   p31/31... 1q
   ✅ 31 questions extracted, 56871 tokens

[23/24]
📄 Processing: 9. Transitions Hard.pdf
   17 pages
   p1/17... 1q
   p2/17... 1q
   p3/17... 1q
   p4/17... 1q
   p5/17... 1q
   p6/17... 1q
   p7/17... 1q
   p8/17... 1q
   p9/17... 1q
   p10/17... 1q
   p11/17... 1q
   p12/17... 1q
   p13/17... 1q
   p14/17... 1q
   p15/17... 1q
   p16/17... 1q
   p17/17... 1q
   ✅ 17 questions extracted, 31272 tokens

[24/24]
📄 Processing: 9.Transitions Hard Answer and Explanation.pdf
   17 pages
   p1/17... 1q
   p2/17... 1q
   p3/17... 1q
   p4/17... 1q
   p5/17... 1q
   p6/17... 1q
   p7/17... 1q
   p8/17... 1q
   p9/17... 1q
   p10/17... 1q
   p11/17... 1q
   p12/17... 1q
   p13/17... 1q
   p14/17... 1q
   p15/17... 1q
   p16/17... 1q
   p17/17... 1q
   ✅ 17 questions extracted, 35088 tokens

============================================================
🎉 完成: SAT-文法分类题库
   PDF数: 24
   处理页数: 800
   提取题目: 800
   总tokens: 1576181
   估算成本: ¥7.88
   输出: /Users/clawd/.hermes/profiles/minmin-bot/home/sat-exam/ocr_output/SAT-文法分类题库.json
============================================================
